ProjecteMusica/ANDROID/AppdeMusicaAndroid/app/build/intermediates/manifest_merge_blame_file/debug/manifest-merger-blame-debug-report.txt
1<?xml version="1.0" encoding="utf-8"?>
2<manifest xmlns:android="http://schemas.android.com/apk/res/android"
3    package="com.example.appmusicandroid"
4    android:versionCode="1"
5    android:versionName="1.0" >
6
7    <uses-sdk
8        android:minSdkVersion="28"
9        android:targetSdkVersion="34" />
10
11    <uses-permission android:name="android.permission.READ_EXTERNAL_STORAGE" />
11-->src\main\AndroidManifest.xml:5:5-80
11-->src\main\AndroidManifest.xml:5:22-77
12    <uses-permission android:name="android.permission.WRITE_EXTERNAL_STORAGE" />
12-->src\main\AndroidManifest.xml:6:5-81
12-->src\main\AndroidManifest.xml:6:22-78
13    <uses-permission android:name="android.permission.MANAGE_EXTERNAL_STORAGE" />
13-->src\main\AndroidManifest.xml:7:5-82
13-->src\main\AndroidManifest.xml:7:22-79
14    <uses-permission android:name="android.permission.INTERNET" />
14-->src\main\AndroidManifest.xml:8:5-67
14-->src\main\AndroidManifest.xml:8:22-64
15    <uses-permission android:name="android.permission.READ_MEDIA_AUDIO" />
15-->src\main\AndroidManifest.xml:9:5-75
15-->src\main\AndroidManifest.xml:9:22-72
16    <uses-permission android:name="android.permission.ACCESS_WIFI_STATE" />
16-->src\main\AndroidManifest.xml:10:5-76
16-->src\main\AndroidManifest.xml:10:22-73
17
18    <queries>
18-->[com.android.car.ui:car-ui-lib:2.5.1] AndroidManifest.xml:23:5-34:15
19
20        <!-- Required for querying the IME service at runtime -->
21        <intent>
21-->[com.android.car.ui:car-ui-lib:2.5.1] AndroidManifest.xml:26:9-28:18
22            <action android:name="android.view.InputMethod" />
22-->[com.android.car.ui:car-ui-lib:2.5.1] AndroidManifest.xml:27:13-63
22-->[com.android.car.ui:car-ui-lib:2.5.1] AndroidManifest.xml:27:21-60
23        </intent>
24        <!-- Required for querying the plugin at runtime -->
25        <provider
25-->[com.android.car.ui:car-ui-lib:2.5.1] AndroidManifest.xml:30:9-33:67
26            android:name="com.android.car.ui.plugin.PluginNameProvider"
26-->[com.android.car.ui:car-ui-lib:2.5.1] AndroidManifest.xml:31:13-72
27            android:authorities="com.android.car.ui.plugin" />
27-->[com.android.car.ui:car-ui-lib:2.5.1] AndroidManifest.xml:32:13-60
28    </queries>
29
30    <permission
30-->[androidx.core:core:1.9.0] AndroidManifest.xml:22:5-24:47
31        android:name="com.example.appmusicandroid.DYNAMIC_RECEIVER_NOT_EXPORTED_PERMISSION"
31-->[androidx.core:core:1.9.0] AndroidManifest.xml:23:9-81
32        android:protectionLevel="signature" />
32-->[androidx.core:core:1.9.0] AndroidManifest.xml:24:9-44
33
34    <uses-permission android:name="com.example.appmusicandroid.DYNAMIC_RECEIVER_NOT_EXPORTED_PERMISSION" />
34-->[androidx.core:core:1.9.0] AndroidManifest.xml:26:5-97
34-->[androidx.core:core:1.9.0] AndroidManifest.xml:26:22-94
35
36    <application
36-->src\main\AndroidManifest.xml:12:5-62:19
37        android:allowBackup="true"
37-->src\main\AndroidManifest.xml:13:9-35
38        android:appComponentFactory="androidx.core.app.CoreComponentFactory"
38-->[androidx.core:core:1.9.0] AndroidManifest.xml:28:18-86
39        android:dataExtractionRules="@xml/data_extraction_rules"
39-->src\main\AndroidManifest.xml:14:9-65
40        android:debuggable="true"
41        android:extractNativeLibs="false"
42        android:fullBackupContent="@xml/backup_rules"
42-->src\main\AndroidManifest.xml:15:9-54
43        android:icon="@mipmap/ic_launcher"
43-->src\main\AndroidManifest.xml:16:9-43
44        android:label="@string/app_name"
44-->src\main\AndroidManifest.xml:17:9-41
45        android:requestLegacyExternalStorage="true"
45-->src\main\AndroidManifest.xml:18:9-52
46        android:roundIcon="@mipmap/ic_launcher_round"
46-->src\main\AndroidManifest.xml:19:9-54
47        android:supportsRtl="true"
47-->src\main\AndroidManifest.xml:20:9-35
48        android:testOnly="true"
49        android:theme="@style/Theme.AppMusicAndroid"
49-->src\main\AndroidManifest.xml:21:9-53
50        android:usesCleartextTraffic="true" >
50-->src\main\AndroidManifest.xml:22:9-44
51        <activity
51-->src\main\AndroidManifest.xml:24:9-26:40
52            android:name="com.example.appmusicandroid.album_activity"
52-->src\main\AndroidManifest.xml:25:13-43
53            android:exported="false" />
53-->src\main\AndroidManifest.xml:26:13-37
54        <activity
54-->src\main\AndroidManifest.xml:27:9-29:40
55            android:name="com.example.appmusicandroid.View.PlaylistSong"
55-->src\main\AndroidManifest.xml:28:13-46
56            android:exported="false" />
56-->src\main\AndroidManifest.xml:29:13-37
57        <activity
57-->src\main\AndroidManifest.xml:30:9-32:40
58            android:name="com.example.appmusicandroid.View.Playlist"
58-->src\main\AndroidManifest.xml:31:13-42
59            android:exported="false" />
59-->src\main\AndroidManifest.xml:32:13-37
60        <activity
60-->src\main\AndroidManifest.xml:33:9-35:40
61            android:name="com.example.appmusicandroid.View.UploadSongActivity"
61-->src\main\AndroidManifest.xml:34:13-52
62            android:exported="false" />
62-->src\main\AndroidManifest.xml:35:13-37
63        <activity
63-->src\main\AndroidManifest.xml:36:9-38:40
64            android:name="com.example.appmusicandroid.View.PlayCloudMusicActivity"
64-->src\main\AndroidManifest.xml:37:13-56
65            android:exported="false" />
65-->src\main\AndroidManifest.xml:38:13-37
66        <activity
66-->src\main\AndroidManifest.xml:39:9-41:40
67            android:name="com.example.appmusicandroid.View.CloudMusicActivity"
67-->src\main\AndroidManifest.xml:40:13-52
68            android:exported="false" />
68-->src\main\AndroidManifest.xml:41:13-37
69        <activity
69-->src\main\AndroidManifest.xml:42:9-44:40
70            android:name="com.example.appmusicandroid.View.MusicPlayerActivity"
70-->src\main\AndroidManifest.xml:43:13-53
71            android:exported="false" />
71-->src\main\AndroidManifest.xml:44:13-37
72        <activity
72-->src\main\AndroidManifest.xml:45:9-47:40
73            android:name="com.example.appmusicandroid.View.AlbumActivity"
73-->src\main\AndroidManifest.xml:46:13-47
74            android:exported="false" />
74-->src\main\AndroidManifest.xml:47:13-37
75        <activity
75-->src\main\AndroidManifest.xml:48:9-52:60
76            android:name="com.example.appmusicandroid.View.CurrentActivity"
76-->src\main\AndroidManifest.xml:49:13-49
77            android:exported="false"
77-->src\main\AndroidManifest.xml:50:13-37
78            android:label="@string/title_activity_current"
78-->src\main\AndroidManifest.xml:51:13-59
79            android:theme="@style/Theme.AppMusicAndroid" />
79-->src\main\AndroidManifest.xml:52:13-57
80        <activity
80-->src\main\AndroidManifest.xml:53:9-61:20
81            android:name="com.example.appmusicandroid.MainActivity"
81-->src\main\AndroidManifest.xml:54:13-41
82            android:exported="true" >
82-->src\main\AndroidManifest.xml:55:13-36
83            <intent-filter>
83-->src\main\AndroidManifest.xml:56:13-60:29
84                <action android:name="android.intent.action.MAIN" />
84-->src\main\AndroidManifest.xml:57:17-69
84-->src\main\AndroidManifest.xml:57:25-66
85
86                <category android:name="android.intent.category.LAUNCHER" />
86-->src\main\AndroidManifest.xml:59:17-77
86-->src\main\AndroidManifest.xml:59:27-74
87            </intent-filter>
88        </activity>
89        <activity
89-->[com.karumi:dexter:6.2.3] AndroidManifest.xml:27:9-29:72
90            android:name="com.karumi.dexter.DexterActivity"
90-->[com.karumi:dexter:6.2.3] AndroidManifest.xml:28:13-60
91            android:theme="@style/Dexter.Internal.Theme.Transparent" />
91-->[com.karumi:dexter:6.2.3] AndroidManifest.xml:29:13-69
92
93        <provider
93-->[com.android.car.ui:car-ui-lib:2.5.1] AndroidManifest.xml:37:9-42:71
94            android:name="com.android.car.ui.core.CarUiInstaller"
94-->[com.android.car.ui:car-ui-lib:2.5.1] AndroidManifest.xml:38:13-66
95            android:authorities="com.example.appmusicandroid.CarUiInstaller"
95-->[com.android.car.ui:car-ui-lib:2.5.1] AndroidManifest.xml:39:13-66
96            android:directBootAware="true"
96-->[com.android.car.ui:car-ui-lib:2.5.1] AndroidManifest.xml:40:13-43
97            android:exported="false"
97-->[com.android.car.ui:car-ui-lib:2.5.1] AndroidManifest.xml:41:13-37
98            android:process="@string/car_ui_installer_process_name" />
98-->[com.android.car.ui:car-ui-lib:2.5.1] AndroidManifest.xml:42:13-68
99        <provider
99-->[com.android.car.ui:car-ui-lib:2.5.1] AndroidManifest.xml:43:9-48:79
100            android:name="com.android.car.ui.core.SearchResultsProvider"
100-->[com.android.car.ui:car-ui-lib:2.5.1] AndroidManifest.xml:44:13-73
101            android:authorities="com.example.appmusicandroid.SearchResultsProvider"
101-->[com.android.car.ui:car-ui-lib:2.5.1] AndroidManifest.xml:45:13-73
102            android:exported="true"
102-->[com.android.car.ui:car-ui-lib:2.5.1] AndroidManifest.xml:46:13-36
103            android:process="@string/car_ui_installer_process_name"
103-->[com.android.car.ui:car-ui-lib:2.5.1] AndroidManifest.xml:47:13-68
104            android:readPermission="com.android.car.ui.READ_SEARCH_RESULTS" />
104-->[com.android.car.ui:car-ui-lib:2.5.1] AndroidManifest.xml:48:13-76
105        <provider
105-->[androidx.emoji2:emoji2:1.2.0] AndroidManifest.xml:24:9-32:20
106            android:name="androidx.startup.InitializationProvider"
106-->[androidx.emoji2:emoji2:1.2.0] AndroidManifest.xml:25:13-67
107            android:authorities="com.example.appmusicandroid.androidx-startup"
107-->[androidx.emoji2:emoji2:1.2.0] AndroidManifest.xml:26:13-68
108            android:exported="false" >
108-->[androidx.emoji2:emoji2:1.2.0] AndroidManifest.xml:27:13-37
109            <meta-data
109-->[androidx.emoji2:emoji2:1.2.0] AndroidManifest.xml:29:13-31:52
110                android:name="androidx.emoji2.text.EmojiCompatInitializer"
110-->[androidx.emoji2:emoji2:1.2.0] AndroidManifest.xml:30:17-75
111                android:value="androidx.startup" />
111-->[androidx.emoji2:emoji2:1.2.0] AndroidManifest.xml:31:17-49
112            <meta-data
112-->[androidx.lifecycle:lifecycle-process:2.6.2] AndroidManifest.xml:29:13-31:52
113                android:name="androidx.lifecycle.ProcessLifecycleInitializer"
113-->[androidx.lifecycle:lifecycle-process:2.6.2] AndroidManifest.xml:30:17-78
114                android:value="androidx.startup" />
114-->[androidx.lifecycle:lifecycle-process:2.6.2] AndroidManifest.xml:31:17-49
115            <meta-data
115-->[androidx.profileinstaller:profileinstaller:1.3.0] AndroidManifest.xml:29:13-31:52
116                android:name="androidx.profileinstaller.ProfileInstallerInitializer"
116-->[androidx.profileinstaller:profileinstaller:1.3.0] AndroidManifest.xml:30:17-85
117                android:value="androidx.startup" />
117-->[androidx.profileinstaller:profileinstaller:1.3.0] AndroidManifest.xml:31:17-49
118        </provider>
119
120        <uses-library
120-->[androidx.window:window:1.0.0] AndroidManifest.xml:25:9-27:40
121            android:name="androidx.window.extensions"
121-->[androidx.window:window:1.0.0] AndroidManifest.xml:26:13-54
122            android:required="false" />
122-->[androidx.window:window:1.0.0] AndroidManifest.xml:27:13-37
123        <uses-library
123-->[androidx.window:window:1.0.0] AndroidManifest.xml:28:9-30:40
124            android:name="androidx.window.sidecar"
124-->[androidx.window:window:1.0.0] AndroidManifest.xml:29:13-51
125            android:required="false" />
125-->[androidx.window:window:1.0.0] AndroidManifest.xml:30:13-37
126
127        <receiver
127-->[androidx.profileinstaller:profileinstaller:1.3.0] AndroidManifest.xml:34:9-52:20
128            android:name="androidx.profileinstaller.ProfileInstallReceiver"
128-->[androidx.profileinstaller:profileinstaller:1.3.0] AndroidManifest.xml:35:13-76
129            android:directBootAware="false"
129-->[androidx.profileinstaller:profileinstaller:1.3.0] AndroidManifest.xml:36:13-44
130            android:enabled="true"
130-->[androidx.profileinstaller:profileinstaller:1.3.0] AndroidManifest.xml:37:13-35
131            android:exported="true"
131-->[androidx.profileinstaller:profileinstaller:1.3.0] AndroidManifest.xml:38:13-36
132            android:permission="android.permission.DUMP" >
132-->[androidx.profileinstaller:profileinstaller:1.3.0] AndroidManifest.xml:39:13-57
133            <intent-filter>
133-->[androidx.profileinstaller:profileinstaller:1.3.0] AndroidManifest.xml:40:13-42:29
134                <action android:name="androidx.profileinstaller.action.INSTALL_PROFILE" />
134-->[androidx.profileinstaller:profileinstaller:1.3.0] AndroidManifest.xml:41:17-91
134-->[androidx.profileinstaller:profileinstaller:1.3.0] AndroidManifest.xml:41:25-88
135            </intent-filter>
136            <intent-filter>
136-->[androidx.profileinstaller:profileinstaller:1.3.0] AndroidManifest.xml:43:13-45:29
137                <action android:name="androidx.profileinstaller.action.SKIP_FILE" />
137-->[androidx.profileinstaller:profileinstaller:1.3.0] AndroidManifest.xml:44:17-85
137-->[androidx.profileinstaller:profileinstaller:1.3.0] AndroidManifest.xml:44:25-82
138            </intent-filter>
139            <intent-filter>
139-->[androidx.profileinstaller:profileinstaller:1.3.0] AndroidManifest.xml:46:13-48:29
140                <action android:name="androidx.profileinstaller.action.SAVE_PROFILE" />
140-->[androidx.profileinstaller:profileinstaller:1.3.0] AndroidManifest.xml:47:17-88
140-->[androidx.profileinstaller:profileinstaller:1.3.0] AndroidManifest.xml:47:25-85
141            </intent-filter>
142            <intent-filter>
142-->[androidx.profileinstaller:profileinstaller:1.3.0] AndroidManifest.xml:49:13-51:29
143                <action android:name="androidx.profileinstaller.action.BENCHMARK_OPERATION" />
143-->[androidx.profileinstaller:profileinstaller:1.3.0] AndroidManifest.xml:50:17-95
143-->[androidx.profileinstaller:profileinstaller:1.3.0] AndroidManifest.xml:50:25-92
144            </intent-filter>
145        </receiver>
146    </application>
147
148</manifest>